{"name": "test_logout", "status": "failed", "statusDetails": {"message": "AssertionError: assert 'Overview - Redmine' == 'abc'\n  - Overview - Redmine\n  + abc", "trace": "self = <login_test.TestLogin object at 0x10e9bae10>\n\n    def test_logout(self):\n        try:\n            driver = self.driver\n            homepage = HomePage(driver)\n            homepage.click_logout_link()\n            x = driver.title\n>           assert x == 'abc'\nE           AssertionError: assert 'Overview - Redmine' == 'abc'\nE             - Overview - Redmine\nE             + abc\n\ntests/login_test.py:29: AssertionError"}, "attachments": [{"name": "stdout", "source": "7a9ba0fd-9bc1-4c64-b9df-1c636f9220ed-attachment.txt", "type": "text/plain"}], "start": 1561842735308, "stop": 1561842737035, "uuid": "a5610c72-f054-43b1-9c5c-d0866dd8592f", "historyId": "e89a5a0e9aefe451ee262eba82370b01", "fullName": "tests.login_test.TestLogin#test_logout", "labels": [{"name": "parentSuite", "value": "tests"}, {"name": "suite", "value": "login_test"}, {"name": "subSuite", "value": "TestLogin"}, {"name": "host", "value": "Aliona"}, {"name": "thread", "value": "32851-MainThread"}, {"name": "framework", "value": "pytest"}, {"name": "language", "value": "cpython3"}, {"name": "package", "value": "tests.login_test"}]}