{"name": "test_logout", "status": "failed", "statusDetails": {"message": "AssertionError: assert 'Overview - Redmine' == 'Overview - Redmine1'\n  - Overview - Redmine\n  + Overview - Redmine1\n  ?                   +", "trace": "self = <login_test.TestLogin object at 0x111bc77f0>\n\n    def test_logout(self):\n        try:\n            driver = self.driver\n            homepage = HomePage(driver)\n            homepage.click_logout_link()\n            x = driver.title\n>           assert x == 'Overview - Redmine1'\nE           AssertionError: assert 'Overview - Redmine' == 'Overview - Redmine1'\nE             - Overview - Redmine\nE             + Overview - Redmine1\nE             ?                   +\n\ntests/login_test.py:30: AssertionError"}, "attachments": [{"name": "test_logout_15-46-02_06-30-2019", "source": "0b06458b-e78e-46c8-ae47-6663974226e3-attachment.png", "type": "image/png"}, {"name": "stdout", "source": "8282121d-739b-4f79-a1aa-dafa45037f15-attachment.txt", "type": "text/plain"}], "start": 1561898760336, "stop": 1561898763325, "uuid": "d3dedac5-5ec0-41b6-85fe-644c305a53b5", "historyId": "e89a5a0e9aefe451ee262eba82370b01", "fullName": "tests.login_test.TestLogin#test_logout", "labels": [{"name": "parentSuite", "value": "tests"}, {"name": "suite", "value": "login_test"}, {"name": "subSuite", "value": "TestLogin"}, {"name": "host", "value": "Aliona"}, {"name": "thread", "value": "64709-MainThread"}, {"name": "framework", "value": "pytest"}, {"name": "language", "value": "cpython3"}, {"name": "package", "value": "tests.login_test"}]}